The system is: Windows - 10.0.19042 - AMD64
Compiling the C compiler identification source file "CMakeCCompilerId.c" succeeded.
Compiler: C:/Program Files/LLVM/bin/clang.exe 
Build flags: 
Id flags:  

The output was:
0


Compilation of the C compiler identification source "CMakeCCompilerId.c" produced "a.exe"

The C compiler identification is Clang, found in "C:/Users/BlackFlage/OneDrive - Politechnika Wroclawska/C++/ECS/cmake-build-debug/CMakeFiles/3.20.2/CompilerIdC/a.exe"

Compiling the CXX compiler identification source file "CMakeCXXCompilerId.cpp" succeeded.
Compiler: C:/Program Files/LLVM/bin/clang.exe 
Build flags: 
Id flags:  

The output was:
0


Compilation of the CXX compiler identification source "CMakeCXXCompilerId.cpp" produced "a.exe"

The CXX compiler identification is Clang, found in "C:/Users/BlackFlage/OneDrive - Politechnika Wroclawska/C++/ECS/cmake-build-debug/CMakeFiles/3.20.2/CompilerIdCXX/a.exe"

Detecting C compiler ABI info compiled with the following output:
Change Dir: C:/Users/BlackFlage/OneDrive - Politechnika Wroclawska/C++/ECS/cmake-build-debug/CMakeFiles/CMakeTmp

Run Build Command(s):nmake -f Makefile /nologo cmTC_f48cf\fast && 	"C:\Program Files (x86)\Microsoft Visual Studio\2019\Community\VC\Tools\MSVC\14.28.29910\bin\HostX64\x64\nmake.exe"  -f CMakeFiles\cmTC_f48cf.dir\build.make /nologo -L                  CMakeFiles\cmTC_f48cf.dir\build
Building C object CMakeFiles/cmTC_f48cf.dir/CMakeCCompilerABI.c.obj
	C:\PROGRA~1\LLVM\bin\clang.exe   -g -Xclang -gcodeview -O0 -D_DEBUG -D_DLL -D_MT -Xclang --dependent-lib=msvcrtd -MD -MT CMakeFiles\cmTC_f48cf.dir\CMakeCCompilerABI.c.obj -MF CMakeFiles\cmTC_f48cf.dir\CMakeCCompilerABI.c.obj.d -o CMakeFiles\cmTC_f48cf.dir\CMakeCCompilerABI.c.obj -c "C:\Program Files\JetBrains\CLion 2021.1.1\bin\cmake\win\share\cmake-3.20\Modules\CMakeCCompilerABI.c"
Linking C executable cmTC_f48cf.exe
	C:\PROGRA~1\LLVM\bin\clang.exe -fuse-ld=lld-link -nostartfiles -nostdlib -g -Xclang -gcodeview -O0 -D_DEBUG -D_DLL -D_MT -Xclang --dependent-lib=msvcrtd -Xlinker /subsystem:console @CMakeFiles\cmTC_f48cf.dir\objects1.rsp -o cmTC_f48cf.exe -Xlinker /implib:cmTC_f48cf.lib -Xlinker /pdb:"C:\Users\BlackFlage\OneDrive - Politechnika Wroclawska\C++\ECS\cmake-build-debug\CMakeFiles\CMakeTmp\cmTC_f48cf.pdb" -Xlinker /version:0.0



Detecting CXX compiler ABI info compiled with the following output:
Change Dir: C:/Users/BlackFlage/OneDrive - Politechnika Wroclawska/C++/ECS/cmake-build-debug/CMakeFiles/CMakeTmp

Run Build Command(s):nmake -f Makefile /nologo cmTC_7bb2c\fast && 	"C:\Program Files (x86)\Microsoft Visual Studio\2019\Community\VC\Tools\MSVC\14.28.29910\bin\HostX64\x64\nmake.exe"  -f CMakeFiles\cmTC_7bb2c.dir\build.make /nologo -L                  CMakeFiles\cmTC_7bb2c.dir\build
Building CXX object CMakeFiles/cmTC_7bb2c.dir/CMakeCXXCompilerABI.cpp.obj
	C:\PROGRA~1\LLVM\bin\clang.exe   -g -Xclang -gcodeview -O0 -D_DEBUG -D_DLL -D_MT -Xclang --dependent-lib=msvcrtd -MD -MT CMakeFiles\cmTC_7bb2c.dir\CMakeCXXCompilerABI.cpp.obj -MF CMakeFiles\cmTC_7bb2c.dir\CMakeCXXCompilerABI.cpp.obj.d -o CMakeFiles\cmTC_7bb2c.dir\CMakeCXXCompilerABI.cpp.obj -c "C:\Program Files\JetBrains\CLion 2021.1.1\bin\cmake\win\share\cmake-3.20\Modules\CMakeCXXCompilerABI.cpp"
Linking CXX executable cmTC_7bb2c.exe
	C:\PROGRA~1\LLVM\bin\clang.exe -fuse-ld=lld-link -nostartfiles -nostdlib -g -Xclang -gcodeview -O0 -D_DEBUG -D_DLL -D_MT -Xclang --dependent-lib=msvcrtd -Xlinker /subsystem:console @CMakeFiles\cmTC_7bb2c.dir\objects1.rsp -o cmTC_7bb2c.exe -Xlinker /implib:cmTC_7bb2c.lib -Xlinker /pdb:"C:\Users\BlackFlage\OneDrive - Politechnika Wroclawska\C++\ECS\cmake-build-debug\CMakeFiles\CMakeTmp\cmTC_7bb2c.pdb" -Xlinker /version:0.0





Detecting CXX [-std=c++14] compiler features compiled with the following output:
Change Dir: C:/Users/BlackFlage/OneDrive - Politechnika Wroclawska/C++/ECS/cmake-build-debug/CMakeFiles/CMakeTmp

Run Build Command(s):nmake -f Makefile /nologo cmTC_1ee60\fast && 	"C:\Program Files (x86)\Microsoft Visual Studio\2019\Community\VC\Tools\MSVC\14.28.29910\bin\HostX64\x64\nmake.exe"  -f CMakeFiles\cmTC_1ee60.dir\build.make /nologo -L                  CMakeFiles\cmTC_1ee60.dir\build
Building CXX object CMakeFiles/cmTC_1ee60.dir/feature_tests.cxx.obj
	C:\PROGRA~1\LLVM\bin\clang.exe   -g -Xclang -gcodeview -O0 -D_DEBUG -D_DLL -D_MT -Xclang --dependent-lib=msvcrtd   -std=c++14 -MD -MT CMakeFiles\cmTC_1ee60.dir\feature_tests.cxx.obj -MF CMakeFiles\cmTC_1ee60.dir\feature_tests.cxx.obj.d -o CMakeFiles\cmTC_1ee60.dir\feature_tests.cxx.obj -c "C:\Users\BlackFlage\OneDrive - Politechnika Wroclawska\C++\ECS\cmake-build-debug\CMakeFiles\feature_tests.cxx"
Linking CXX executable cmTC_1ee60.exe
	C:\PROGRA~1\LLVM\bin\clang.exe -fuse-ld=lld-link -nostartfiles -nostdlib -g -Xclang -gcodeview -O0 -D_DEBUG -D_DLL -D_MT -Xclang --dependent-lib=msvcrtd -Xlinker /subsystem:console @CMakeFiles\cmTC_1ee60.dir\objects1.rsp -o cmTC_1ee60.exe -Xlinker /implib:cmTC_1ee60.lib -Xlinker /pdb:"C:\Users\BlackFlage\OneDrive - Politechnika Wroclawska\C++\ECS\cmake-build-debug\CMakeFiles\CMakeTmp\cmTC_1ee60.pdb" -Xlinker /version:0.0  @CMakeFiles\cmTC_1ee60.dir\linklibs.rsp



    Feature record: CXX_FEATURE:1cxx_template_template_parameters
    Feature record: CXX_FEATURE:1cxx_alias_templates
    Feature record: CXX_FEATURE:1cxx_alignas
    Feature record: CXX_FEATURE:1cxx_alignof
    Feature record: CXX_FEATURE:1cxx_attributes
    Feature record: CXX_FEATURE:1cxx_auto_type
    Feature record: CXX_FEATURE:1cxx_constexpr
    Feature record: CXX_FEATURE:1cxx_decltype
    Feature record: CXX_FEATURE:1cxx_default_function_template_args
    Feature record: CXX_FEATURE:1cxx_defaulted_functions
    Feature record: CXX_FEATURE:1cxx_defaulted_move_initializers
    Feature record: CXX_FEATURE:1cxx_delegating_constructors
    Feature record: CXX_FEATURE:1cxx_deleted_functions
    Feature record: CXX_FEATURE:1cxx_enum_forward_declarations
    Feature record: CXX_FEATURE:1cxx_explicit_conversions
    Feature record: CXX_FEATURE:1cxx_extended_friend_declarations
    Feature record: CXX_FEATURE:1cxx_extern_templates
    Feature record: CXX_FEATURE:1cxx_final
    Feature record: CXX_FEATURE:1cxx_func_identifier
    Feature record: CXX_FEATURE:1cxx_generalized_initializers
    Feature record: CXX_FEATURE:1cxx_inheriting_constructors
    Feature record: CXX_FEATURE:1cxx_inline_namespaces
    Feature record: CXX_FEATURE:1cxx_lambdas
    Feature record: CXX_FEATURE:1cxx_local_type_template_args
    Feature record: CXX_FEATURE:1cxx_long_long_type
    Feature record: CXX_FEATURE:1cxx_noexcept
    Feature record: CXX_FEATURE:1cxx_nonstatic_member_init
    Feature record: CXX_FEATURE:1cxx_nullptr
    Feature record: CXX_FEATURE:1cxx_override
    Feature record: CXX_FEATURE:1cxx_range_for
    Feature record: CXX_FEATURE:1cxx_raw_string_literals
    Feature record: CXX_FEATURE:1cxx_reference_qualified_functions
    Feature record: CXX_FEATURE:1cxx_right_angle_brackets
    Feature record: CXX_FEATURE:1cxx_rvalue_references
    Feature record: CXX_FEATURE:1cxx_sizeof_member
    Feature record: CXX_FEATURE:1cxx_static_assert
    Feature record: CXX_FEATURE:1cxx_strong_enums
    Feature record: CXX_FEATURE:1cxx_thread_local
    Feature record: CXX_FEATURE:1cxx_trailing_return_types
    Feature record: CXX_FEATURE:1cxx_unicode_literals
    Feature record: CXX_FEATURE:1cxx_uniform_initialization
    Feature record: CXX_FEATURE:1cxx_unrestricted_unions
    Feature record: CXX_FEATURE:1cxx_user_literals
    Feature record: CXX_FEATURE:1cxx_variadic_macros
    Feature record: CXX_FEATURE:1cxx_variadic_templates
    Feature record: CXX_FEATURE:1cxx_aggregate_default_initializers
    Feature record: CXX_FEATURE:1cxx_attribute_deprecated
    Feature record: CXX_FEATURE:1cxx_binary_literals
    Feature record: CXX_FEATURE:1cxx_contextual_conversions
    Feature record: CXX_FEATURE:1cxx_decltype_auto
    Feature record: CXX_FEATURE:1cxx_digit_separators
    Feature record: CXX_FEATURE:1cxx_generic_lambdas
    Feature record: CXX_FEATURE:1cxx_lambda_init_captures
    Feature record: CXX_FEATURE:1cxx_relaxed_constexpr
    Feature record: CXX_FEATURE:1cxx_return_type_deduction
    Feature record: CXX_FEATURE:1cxx_variable_templates


Detecting CXX [-std=c++14] compiler features compiled with the following output:
Change Dir: C:/Users/BlackFlage/OneDrive - Politechnika Wroclawska/C++/ECS/cmake-build-debug/CMakeFiles/CMakeTmp

Run Build Command(s):nmake -f Makefile /nologo cmTC_c6b2a\fast && 	"C:\Program Files (x86)\Microsoft Visual Studio\2019\Community\VC\Tools\MSVC\14.28.29910\bin\HostX64\x64\nmake.exe"  -f CMakeFiles\cmTC_c6b2a.dir\build.make /nologo -L                  CMakeFiles\cmTC_c6b2a.dir\build
Building CXX object CMakeFiles/cmTC_c6b2a.dir/feature_tests.cxx.obj
	C:\PROGRA~1\LLVM\bin\clang.exe   -g -Xclang -gcodeview -O0 -D_DEBUG -D_DLL -D_MT -Xclang --dependent-lib=msvcrtd   -std=c++14 -MD -MT CMakeFiles\cmTC_c6b2a.dir\feature_tests.cxx.obj -MF CMakeFiles\cmTC_c6b2a.dir\feature_tests.cxx.obj.d -o CMakeFiles\cmTC_c6b2a.dir\feature_tests.cxx.obj -c "C:\Users\BlackFlage\OneDrive - Politechnika Wroclawska\C++\ECS\cmake-build-debug\CMakeFiles\feature_tests.cxx"
Linking CXX executable cmTC_c6b2a.exe
	C:\PROGRA~1\LLVM\bin\clang.exe -fuse-ld=lld-link -nostartfiles -nostdlib -g -Xclang -gcodeview -O0 -D_DEBUG -D_DLL -D_MT -Xclang --dependent-lib=msvcrtd -Xlinker /subsystem:console @CMakeFiles\cmTC_c6b2a.dir\objects1.rsp -o cmTC_c6b2a.exe -Xlinker /implib:cmTC_c6b2a.lib -Xlinker /pdb:"C:\Users\BlackFlage\OneDrive - Politechnika Wroclawska\C++\ECS\cmake-build-debug\CMakeFiles\CMakeTmp\cmTC_c6b2a.pdb" -Xlinker /version:0.0  @CMakeFiles\cmTC_c6b2a.dir\linklibs.rsp



    Feature record: CXX_FEATURE:1cxx_template_template_parameters
    Feature record: CXX_FEATURE:1cxx_alias_templates
    Feature record: CXX_FEATURE:1cxx_alignas
    Feature record: CXX_FEATURE:1cxx_alignof
    Feature record: CXX_FEATURE:1cxx_attributes
    Feature record: CXX_FEATURE:1cxx_auto_type
    Feature record: CXX_FEATURE:1cxx_constexpr
    Feature record: CXX_FEATURE:1cxx_decltype
    Feature record: CXX_FEATURE:1cxx_default_function_template_args
    Feature record: CXX_FEATURE:1cxx_defaulted_functions
    Feature record: CXX_FEATURE:1cxx_defaulted_move_initializers
    Feature record: CXX_FEATURE:1cxx_delegating_constructors
    Feature record: CXX_FEATURE:1cxx_deleted_functions
    Feature record: CXX_FEATURE:1cxx_enum_forward_declarations
    Feature record: CXX_FEATURE:1cxx_explicit_conversions
    Feature record: CXX_FEATURE:1cxx_extended_friend_declarations
    Feature record: CXX_FEATURE:1cxx_extern_templates
    Feature record: CXX_FEATURE:1cxx_final
    Feature record: CXX_FEATURE:1cxx_func_identifier
    Feature record: CXX_FEATURE:1cxx_generalized_initializers
    Feature record: CXX_FEATURE:1cxx_inheriting_constructors
    Feature record: CXX_FEATURE:1cxx_inline_namespaces
    Feature record: CXX_FEATURE:1cxx_lambdas
    Feature record: CXX_FEATURE:1cxx_local_type_template_args
    Feature record: CXX_FEATURE:1cxx_long_long_type
    Feature record: CXX_FEATURE:1cxx_noexcept
    Feature record: CXX_FEATURE:1cxx_nonstatic_member_init
    Feature record: CXX_FEATURE:1cxx_nullptr
    Feature record: CXX_FEATURE:1cxx_override
    Feature record: CXX_FEATURE:1cxx_range_for
    Feature record: CXX_FEATURE:1cxx_raw_string_literals
    Feature record: CXX_FEATURE:1cxx_reference_qualified_functions
    Feature record: CXX_FEATURE:1cxx_right_angle_brackets
    Feature record: CXX_FEATURE:1cxx_rvalue_references
    Feature record: CXX_FEATURE:1cxx_sizeof_member
    Feature record: CXX_FEATURE:1cxx_static_assert
    Feature record: CXX_FEATURE:1cxx_strong_enums
    Feature record: CXX_FEATURE:1cxx_thread_local
    Feature record: CXX_FEATURE:1cxx_trailing_return_types
    Feature record: CXX_FEATURE:1cxx_unicode_literals
    Feature record: CXX_FEATURE:1cxx_uniform_initialization
    Feature record: CXX_FEATURE:1cxx_unrestricted_unions
    Feature record: CXX_FEATURE:1cxx_user_literals
    Feature record: CXX_FEATURE:1cxx_variadic_macros
    Feature record: CXX_FEATURE:1cxx_variadic_templates
    Feature record: CXX_FEATURE:1cxx_aggregate_default_initializers
    Feature record: CXX_FEATURE:1cxx_attribute_deprecated
    Feature record: CXX_FEATURE:1cxx_binary_literals
    Feature record: CXX_FEATURE:1cxx_contextual_conversions
    Feature record: CXX_FEATURE:1cxx_decltype_auto
    Feature record: CXX_FEATURE:1cxx_digit_separators
    Feature record: CXX_FEATURE:1cxx_generic_lambdas
    Feature record: CXX_FEATURE:1cxx_lambda_init_captures
    Feature record: CXX_FEATURE:1cxx_relaxed_constexpr
    Feature record: CXX_FEATURE:1cxx_return_type_deduction
    Feature record: CXX_FEATURE:1cxx_variable_templates
